#
# There is insufficient memory for the Java Runtime Environment to continue.
# Native memory allocation (mmap) failed to map 716177408 bytes for committing reserved memory.
# Possible reasons:
#   The system is out of physical RAM or swap space
#   In 32 bit mode, the process size limit was hit
# Possible solutions:
#   Reduce memory load on the system
#   Increase physical memory or swap space
#   Check if swap backing store is full
#   Use 64 bit Java on a 64 bit OS
#   Decrease Java heap size (-Xmx/-Xms)
#   Decrease number of Java threads
#   Decrease Java thread stack sizes (-Xss)
#   Set larger code cache with -XX:ReservedCodeCacheSize=
# This output file may be truncated or incomplete.
#
#  Out of Memory Error (os_linux.cpp:2640), pid=21004, tid=0x00007fce71ea4700
#
# JRE version:  (8.0_181-b13) (build )
# Java VM: Java HotSpot(TM) 64-Bit Server VM (25.181-b13 mixed mode linux-amd64 compressed oops)
# Failed to write core dump. Core dumps have been disabled. To enable core dumping, try "ulimit -c unlimited" before starting Java again
#

---------------  T H R E A D  ---------------

Current thread (0x00007fce6800b000):  JavaThread "Unknown thread" [_thread_in_vm, id=21005, stack(0x00007fce71da5000,0x00007fce71ea5000)]

Stack: [0x00007fce71da5000,0x00007fce71ea5000],  sp=0x00007fce71ea3360,  free space=1016k
Native frames: (J=compiled Java code, j=interpreted, Vv=VM code, C=native code)
V  [libjvm.so+0xad21aa]  VMError::report_and_die()+0x2ba
V  [libjvm.so+0x5022db]  report_vm_out_of_memory(char const*, int, unsigned long, VMErrorType, char const*)+0x8b
V  [libjvm.so+0x92fe33]  os::Linux::commit_memory_impl(char*, unsigned long, bool)+0x123
V  [libjvm.so+0x930059]  os::pd_commit_memory(char*, unsigned long, unsigned long, bool)+0x29
V  [libjvm.so+0x9272ba]  os::commit_memory(char*, unsigned long, unsigned long, bool)+0x2a
V  [libjvm.so+0x99d2e3]  PSVirtualSpace::expand_by(unsigned long)+0x53
V  [libjvm.so+0x98d3f7]  PSOldGen::initialize(ReservedSpace, unsigned long, char const*, int)+0xb7
V  [libjvm.so+0x2dc1ea]  AdjoiningGenerations::AdjoiningGenerations(ReservedSpace, GenerationSizer*, unsigned long)+0x39a
V  [libjvm.so+0x951426]  ParallelScavengeHeap::initialize()+0x1d6
V  [libjvm.so+0xa9a1e3]  Universe::initialize_heap()+0xf3
V  [libjvm.so+0xa9a74e]  universe_init()+0x3e
V  [libjvm.so+0x644875]  init_globals()+0x65
V  [libjvm.so+0xa7eefe]  Threads::create_vm(JavaVMInitArgs*, bool*)+0x23e
V  [libjvm.so+0x6d8d74]  JNI_CreateJavaVM+0x74
C  [libjli.so+0x797e]  JavaMain+0x9e
C  [libpthread.so.0+0x76db]  start_thread+0xdb


---------------  P R O C E S S  ---------------

Java Threads: ( => current thread )

Other Threads:

=>0x00007fce6800b000 (exited) JavaThread "Unknown thread" [_thread_in_vm, id=21005, stack(0x00007fce71da5000,0x00007fce71ea5000)]

VM state:not at safepoint (not fully initialized)

VM Mutex/Monitor currently owned by a thread: None

GC Heap History (0 events):
No events

Deoptimization events (0 events):
No events

Classes redefined (0 events):
No events

Internal exceptions (0 events):
No events

Events (0 events):
No events


Dynamic libraries:
00400000-00401000 r-xp 00000000 08:02 11152175                           /usr/lib/jvm/java-8-oracle/jre/bin/java
00600000-00601000 rw-p 00000000 08:02 11152175                           /usr/lib/jvm/java-8-oracle/jre/bin/java
0068d000-006ae000 rw-p 00000000 00:00 0                                  [heap]
eab00000-100000000 rw-p 00000000 00:00 0 
7fce60000000-7fce60270000 rwxp 00000000 00:00 0 
7fce60270000-7fce68000000 ---p 00000000 00:00 0 
7fce68000000-7fce68035000 rw-p 00000000 00:00 0 
7fce68035000-7fce6c000000 ---p 00000000 00:00 0 
7fce6e7a1000-7fce6ea2c000 rw-p 00000000 00:00 0 
7fce6ea2c000-7fce6eb81000 ---p 00000000 00:00 0 
7fce6eb81000-7fce6ec37000 rw-p 00000000 00:00 0 
7fce6ec37000-7fce6ee2d000 ---p 00000000 00:00 0 
7fce6ee2d000-7fce6ee48000 r-xp 00000000 08:02 11273837                   /usr/lib/jvm/java-8-oracle/jre/lib/amd64/libzip.so
7fce6ee48000-7fce6f048000 ---p 0001b000 08:02 11273837                   /usr/lib/jvm/java-8-oracle/jre/lib/amd64/libzip.so
7fce6f048000-7fce6f049000 rw-p 0001b000 08:02 11273837                   /usr/lib/jvm/java-8-oracle/jre/lib/amd64/libzip.so
7fce6f049000-7fce6f054000 r-xp 00000000 08:02 18616999                   /lib/x86_64-linux-gnu/libnss_files-2.27.so
7fce6f054000-7fce6f253000 ---p 0000b000 08:02 18616999                   /lib/x86_64-linux-gnu/libnss_files-2.27.so
7fce6f253000-7fce6f254000 r--p 0000a000 08:02 18616999                   /lib/x86_64-linux-gnu/libnss_files-2.27.so
7fce6f254000-7fce6f255000 rw-p 0000b000 08:02 18616999                   /lib/x86_64-linux-gnu/libnss_files-2.27.so
7fce6f255000-7fce6f25b000 rw-p 00000000 00:00 0 
7fce6f25b000-7fce6f272000 r-xp 00000000 08:02 18616993                   /lib/x86_64-linux-gnu/libnsl-2.27.so
7fce6f272000-7fce6f471000 ---p 00017000 08:02 18616993                   /lib/x86_64-linux-gnu/libnsl-2.27.so
7fce6f471000-7fce6f472000 r--p 00016000 08:02 18616993                   /lib/x86_64-linux-gnu/libnsl-2.27.so
7fce6f472000-7fce6f473000 rw-p 00017000 08:02 18616993                   /lib/x86_64-linux-gnu/libnsl-2.27.so
7fce6f473000-7fce6f475000 rw-p 00000000 00:00 0 
7fce6f475000-7fce6f480000 r-xp 00000000 08:02 18617010                   /lib/x86_64-linux-gnu/libnss_nis-2.27.so
7fce6f480000-7fce6f67f000 ---p 0000b000 08:02 18617010                   /lib/x86_64-linux-gnu/libnss_nis-2.27.so
7fce6f67f000-7fce6f680000 r--p 0000a000 08:02 18617010                   /lib/x86_64-linux-gnu/libnss_nis-2.27.so
7fce6f680000-7fce6f681000 rw-p 0000b000 08:02 18617010                   /lib/x86_64-linux-gnu/libnss_nis-2.27.so
7fce6f681000-7fce6f689000 r-xp 00000000 08:02 18616995                   /lib/x86_64-linux-gnu/libnss_compat-2.27.so
7fce6f689000-7fce6f889000 ---p 00008000 08:02 18616995                   /lib/x86_64-linux-gnu/libnss_compat-2.27.so
7fce6f889000-7fce6f88a000 r--p 00008000 08:02 18616995                   /lib/x86_64-linux-gnu/libnss_compat-2.27.so
7fce6f88a000-7fce6f88b000 rw-p 00009000 08:02 18616995                   /lib/x86_64-linux-gnu/libnss_compat-2.27.so
7fce6f88b000-7fce6f8b6000 r-xp 00000000 08:02 11273831                   /usr/lib/jvm/java-8-oracle/jre/lib/amd64/libjava.so
7fce6f8b6000-7fce6fab5000 ---p 0002b000 08:02 11273831                   /usr/lib/jvm/java-8-oracle/jre/lib/amd64/libjava.so
7fce6fab5000-7fce6fab7000 rw-p 0002a000 08:02 11273831                   /usr/lib/jvm/java-8-oracle/jre/lib/amd64/libjava.so
7fce6fab7000-7fce6fac4000 r-xp 00000000 08:02 11273836                   /usr/lib/jvm/java-8-oracle/jre/lib/amd64/libverify.so
7fce6fac4000-7fce6fcc4000 ---p 0000d000 08:02 11273836                   /usr/lib/jvm/java-8-oracle/jre/lib/amd64/libverify.so
7fce6fcc4000-7fce6fcc6000 rw-p 0000d000 08:02 11273836                   /usr/lib/jvm/java-8-oracle/jre/lib/amd64/libverify.so
7fce6fcc6000-7fce6fccd000 r-xp 00000000 08:02 18617050                   /lib/x86_64-linux-gnu/librt-2.27.so
7fce6fccd000-7fce6fecc000 ---p 00007000 08:02 18617050                   /lib/x86_64-linux-gnu/librt-2.27.so
7fce6fecc000-7fce6fecd000 r--p 00006000 08:02 18617050                   /lib/x86_64-linux-gnu/librt-2.27.so
7fce6fecd000-7fce6fece000 rw-p 00007000 08:02 18617050                   /lib/x86_64-linux-gnu/librt-2.27.so
7fce6fece000-7fce7006b000 r-xp 00000000 08:02 18616972                   /lib/x86_64-linux-gnu/libm-2.27.so
7fce7006b000-7fce7026a000 ---p 0019d000 08:02 18616972                   /lib/x86_64-linux-gnu/libm-2.27.so
7fce7026a000-7fce7026b000 r--p 0019c000 08:02 18616972                   /lib/x86_64-linux-gnu/libm-2.27.so
7fce7026b000-7fce7026c000 rw-p 0019d000 08:02 18616972                   /lib/x86_64-linux-gnu/libm-2.27.so
7fce7026c000-7fce70f48000 r-xp 00000000 08:02 11273813                   /usr/lib/jvm/java-8-oracle/jre/lib/amd64/server/libjvm.so
7fce70f48000-7fce71148000 ---p 00cdc000 08:02 11273813                   /usr/lib/jvm/java-8-oracle/jre/lib/amd64/server/libjvm.so
7fce71148000-7fce71222000 rw-p 00cdc000 08:02 11273813                   /usr/lib/jvm/java-8-oracle/jre/lib/amd64/server/libjvm.so
7fce71222000-7fce7126d000 rw-p 00000000 00:00 0 
7fce7126d000-7fce71454000 r-xp 00000000 08:02 18616909                   /lib/x86_64-linux-gnu/libc-2.27.so
7fce71454000-7fce71654000 ---p 001e7000 08:02 18616909                   /lib/x86_64-linux-gnu/libc-2.27.so
7fce71654000-7fce71658000 r--p 001e7000 08:02 18616909                   /lib/x86_64-linux-gnu/libc-2.27.so
7fce71658000-7fce7165a000 rw-p 001eb000 08:02 18616909                   /lib/x86_64-linux-gnu/libc-2.27.so
7fce7165a000-7fce7165e000 rw-p 00000000 00:00 0 
7fce7165e000-7fce71661000 r-xp 00000000 08:02 18616932                   /lib/x86_64-linux-gnu/libdl-2.27.so
7fce71661000-7fce71860000 ---p 00003000 08:02 18616932                   /lib/x86_64-linux-gnu/libdl-2.27.so
7fce71860000-7fce71861000 r--p 00002000 08:02 18616932                   /lib/x86_64-linux-gnu/libdl-2.27.so
7fce71861000-7fce71862000 rw-p 00003000 08:02 18616932                   /lib/x86_64-linux-gnu/libdl-2.27.so
7fce71862000-7fce71878000 r-xp 00000000 08:02 11273808                   /usr/lib/jvm/java-8-oracle/jre/lib/amd64/jli/libjli.so
7fce71878000-7fce71a77000 ---p 00016000 08:02 11273808                   /usr/lib/jvm/java-8-oracle/jre/lib/amd64/jli/libjli.so
7fce71a77000-7fce71a78000 rw-p 00015000 08:02 11273808                   /usr/lib/jvm/java-8-oracle/jre/lib/amd64/jli/libjli.so
7fce71a78000-7fce71a92000 r-xp 00000000 08:02 18617042                   /lib/x86_64-linux-gnu/libpthread-2.27.so
7fce71a92000-7fce71c91000 ---p 0001a000 08:02 18617042                   /lib/x86_64-linux-gnu/libpthread-2.27.so
7fce71c91000-7fce71c92000 r--p 00019000 08:02 18617042                   /lib/x86_64-linux-gnu/libpthread-2.27.so
7fce71c92000-7fce71c93000 rw-p 0001a000 08:02 18617042                   /lib/x86_64-linux-gnu/libpthread-2.27.so
7fce71c93000-7fce71c97000 rw-p 00000000 00:00 0 
7fce71c97000-7fce71cbe000 r-xp 00000000 08:02 18616881                   /lib/x86_64-linux-gnu/ld-2.27.so
7fce71da4000-7fce71da5000 ---p 00000000 00:00 0 
7fce71da5000-7fce71da8000 ---p 00000000 00:00 0 
7fce71da8000-7fce71ea9000 rw-p 00000000 00:00 0 
7fce71eb4000-7fce71ebc000 rw-s 00000000 08:02 26611018                   /tmp/hsperfdata_student/21004
7fce71ebc000-7fce71ebd000 rw-p 00000000 00:00 0 
7fce71ebd000-7fce71ebe000 r--p 00000000 00:00 0 
7fce71ebe000-7fce71ebf000 r--p 00027000 08:02 18616881                   /lib/x86_64-linux-gnu/ld-2.27.so
7fce71ebf000-7fce71ec0000 rw-p 00028000 08:02 18616881                   /lib/x86_64-linux-gnu/ld-2.27.so
7fce71ec0000-7fce71ec1000 rw-p 00000000 00:00 0 
7ffe1239d000-7ffe123be000 rw-p 00000000 00:00 0                          [stack]
7ffe123d1000-7ffe123d4000 r--p 00000000 00:00 0                          [vvar]
7ffe123d4000-7ffe123d6000 r-xp 00000000 00:00 0                          [vdso]
ffffffffff600000-ffffffffff601000 r-xp 00000000 00:00 0                  [vsyscall]

VM Arguments:
jvm_args: -Xms1024m -Xmx1024m -XX:ReservedCodeCacheSize=128m -XX:MaxMetaspaceSize=256m 
java_command: /usr/share/sbt/bin/sbt-launch.jar run
java_class_path (initial): /usr/share/sbt/bin/sbt-launch.jar
Launcher Type: SUN_STANDARD

Environment Variables:
JAVA_HOME=/usr/lib/jvm/java-8-oracle
PATH=/usr/local/sbin:/usr/local/bin:/usr/sbin:/usr/bin:/sbin:/bin:/usr/games:/usr/local/games:/usr/lib/jvm/java-8-oracle/bin:/usr/lib/jvm/java-8-oracle/db/bin:/usr/lib/jvm/java-8-oracle/jre/bin
SHELL=/bin/bash
DISPLAY=:0

Signal Handlers:
SIGSEGV: [libjvm.so+0xad2a40], sa_mask[0]=11111111011111111101111111111110, sa_flags=SA_RESTART|SA_SIGINFO
SIGBUS: [libjvm.so+0xad2a40], sa_mask[0]=11111111011111111101111111111110, sa_flags=SA_RESTART|SA_SIGINFO
SIGFPE: [libjvm.so+0x92a610], sa_mask[0]=11111111011111111101111111111110, sa_flags=SA_RESTART|SA_SIGINFO
SIGPIPE: [libjvm.so+0x92a610], sa_mask[0]=11111111011111111101111111111110, sa_flags=SA_RESTART|SA_SIGINFO
SIGXFSZ: [libjvm.so+0x92a610], sa_mask[0]=11111111011111111101111111111110, sa_flags=SA_RESTART|SA_SIGINFO
SIGILL: [libjvm.so+0x92a610], sa_mask[0]=11111111011111111101111111111110, sa_flags=SA_RESTART|SA_SIGINFO
SIGUSR1: SIG_DFL, sa_mask[0]=00000000000000000000000000000000, sa_flags=none
SIGUSR2: [libjvm.so+0x92be70], sa_mask[0]=00000000000000000000000000000000, sa_flags=SA_RESTART|SA_SIGINFO
SIGHUP: SIG_DFL, sa_mask[0]=00000000000000000000000000000000, sa_flags=none
SIGINT: SIG_DFL, sa_mask[0]=00000000000000000000000000000000, sa_flags=none
SIGTERM: SIG_DFL, sa_mask[0]=00000000000000000000000000000000, sa_flags=none
SIGQUIT: SIG_DFL, sa_mask[0]=00000000000000000000000000000000, sa_flags=none


---------------  S Y S T E M  ---------------

OS:DISTRIB_ID=LinuxMint
DISTRIB_RELEASE=19
DISTRIB_CODENAME=tara
DISTRIB_DESCRIPTION="Linux Mint 19 Tara"

uname:Linux 4.15.0-34-generic #37-Ubuntu SMP Mon Aug 27 15:21:48 UTC 2018 x86_64
libc:glibc 2.27 NPTL 2.27 
rlimit: STACK 8192k, CORE 0k, NPROC 30773, NOFILE 4096, AS infinity
load average:1.88 1.40 1.03

/proc/meminfo:
MemTotal:        8054300 kB
MemFree:          204776 kB
MemAvailable:     315380 kB
Buffers:           33784 kB
Cached:           534476 kB
SwapCached:        39584 kB
Active:          6448916 kB
Inactive:        1071512 kB
Active(anon):    6285844 kB
Inactive(anon):   932548 kB
Active(file):     163072 kB
Inactive(file):   138964 kB
Unevictable:         272 kB
Mlocked:             272 kB
SwapTotal:       2097148 kB
SwapFree:          35832 kB
Dirty:              9004 kB
Writeback:             0 kB
AnonPages:       6913408 kB
Mapped:           213072 kB
Shmem:            266224 kB
Slab:             125792 kB
SReclaimable:      55756 kB
SUnreclaim:        70036 kB
KernelStack:       17060 kB
PageTables:        98536 kB
NFS_Unstable:          0 kB
Bounce:                0 kB
WritebackTmp:          0 kB
CommitLimit:     6124296 kB
Committed_AS:   21760240 kB
VmallocTotal:   34359738367 kB
VmallocUsed:           0 kB
VmallocChunk:          0 kB
HardwareCorrupted:     0 kB
AnonHugePages:         0 kB
ShmemHugePages:        0 kB
ShmemPmdMapped:        0 kB
CmaTotal:              0 kB
CmaFree:               0 kB
HugePages_Total:       0
HugePages_Free:        0
HugePages_Rsvd:        0
HugePages_Surp:        0
Hugepagesize:       2048 kB
DirectMap4k:      367428 kB
DirectMap2M:     7907328 kB
DirectMap1G:     1048576 kB


CPU:total 4 (initial active 4) (2 cores per cpu, 2 threads per core) family 6 model 94 stepping 3, cmov, cx8, fxsr, mmx, sse, sse2, sse3, ssse3, sse4.1, sse4.2, popcnt, avx, avx2, aes, clmul, erms, 3dnowpref, lzcnt, ht, tsc, tscinvbit, bmi1, bmi2, adx

/proc/cpuinfo:
processor	: 0
vendor_id	: GenuineIntel
cpu family	: 6
model		: 94
model name	: Intel(R) Core(TM) i3-6100 CPU @ 3.70GHz
stepping	: 3
microcode	: 0xc6
cpu MHz		: 3673.350
cache size	: 3072 KB
physical id	: 0
siblings	: 4
core id		: 0
cpu cores	: 2
apicid		: 0
initial apicid	: 0
fpu		: yes
fpu_exception	: yes
cpuid level	: 22
wp		: yes
flags		: fpu vme de pse tsc msr pae mce cx8 apic sep mtrr pge mca cmov pat pse36 clflush dts acpi mmx fxsr sse sse2 ss ht tm pbe syscall nx pdpe1gb rdtscp lm constant_tsc art arch_perfmon pebs bts rep_good nopl xtopology nonstop_tsc cpuid aperfmperf tsc_known_freq pni pclmulqdq dtes64 monitor ds_cpl vmx est tm2 ssse3 sdbg fma cx16 xtpr pdcm pcid sse4_1 sse4_2 x2apic movbe popcnt tsc_deadline_timer aes xsave avx f16c rdrand lahf_lm abm 3dnowprefetch cpuid_fault epb invpcid_single pti ssbd ibrs ibpb stibp tpr_shadow vnmi flexpriority ept vpid fsgsbase tsc_adjust bmi1 avx2 smep bmi2 erms invpcid mpx rdseed adx smap clflushopt intel_pt xsaveopt xsavec xgetbv1 xsaves dtherm arat pln pts hwp hwp_notify hwp_act_window hwp_epp flush_l1d
bugs		: cpu_meltdown spectre_v1 spectre_v2 spec_store_bypass l1tf
bogomips	: 7392.00
clflush size	: 64
cache_alignment	: 64
address sizes	: 39 bits physical, 48 bits virtual
power management:

processor	: 1
vendor_id	: GenuineIntel
cpu family	: 6
model		: 94
model name	: Intel(R) Core(TM) i3-6100 CPU @ 3.70GHz
stepping	: 3
microcode	: 0xc6
cpu MHz		: 3524.954
cache size	: 3072 KB
physical id	: 0
siblings	: 4
core id		: 1
cpu cores	: 2
apicid		: 2
initial apicid	: 2
fpu		: yes
fpu_exception	: yes
cpuid level	: 22
wp		: yes
flags		: fpu vme de pse tsc msr pae mce cx8 apic sep mtrr pge mca cmov pat pse36 clflush dts acpi mmx fxsr sse sse2 ss ht tm pbe syscall nx pdpe1gb rdtscp lm constant_tsc art arch_perfmon pebs bts rep_good nopl xtopology nonstop_tsc cpuid aperfmperf tsc_known_freq pni pclmulqdq dtes64 monitor ds_cpl vmx est tm2 ssse3 sdbg fma cx16 xtpr pdcm pcid sse4_1 sse4_2 x2apic movbe popcnt tsc_deadline_timer aes xsave avx f16c rdrand lahf_lm abm 3dnowprefetch cpuid_fault epb invpcid_single pti ssbd ibrs ibpb stibp tpr_shadow vnmi flexpriority ept vpid fsgsbase tsc_adjust bmi1 avx2 smep bmi2 erms invpcid mpx rdseed adx smap clflushopt intel_pt xsaveopt xsavec xgetbv1 xsaves dtherm arat pln pts hwp hwp_notify hwp_act_window hwp_epp flush_l1d
bugs		: cpu_meltdown spectre_v1 spectre_v2 spec_store_bypass l1tf
bogomips	: 7392.00
clflush size	: 64
cache_alignment	: 64
address sizes	: 39 bits physical, 48 bits virtual
power management:

processor	: 2
vendor_id	: GenuineIntel
cpu family	: 6
model		: 94
model name	: Intel(R) Core(TM) i3-6100 CPU @ 3.70GHz
stepping	: 3
microcode	: 0xc6
cpu MHz		: 3488.005
cache size	: 3072 KB
physical id	: 0
siblings	: 4
core id		: 0
cpu cores	: 2
apicid		: 1
initial apicid	: 1
fpu		: yes
fpu_exception	: yes
cpuid level	: 22
wp		: yes
flags		: fpu vme de pse tsc msr pae mce cx8 apic sep mtrr pge mca cmov pat pse36 clflush dts acpi mmx fxsr sse sse2 ss ht tm pbe syscall nx pdpe1gb rdtscp lm constant_tsc art arch_perfmon pebs bts rep_good nopl xtopology nonstop_tsc cpuid aperfmperf tsc_known_freq pni pclmulqdq dtes64 monitor ds_cpl vmx est tm2 ssse3 sdbg fma cx16 xtpr pdcm pcid sse4_1 sse4_2 x2apic movbe popcnt tsc_deadline_timer aes xsave avx f16c rdrand lahf_lm abm 3dnowprefetch cpuid_fault epb invpcid_single pti ssbd ibrs ibpb stibp tpr_shadow vnmi flexpriority ept vpid fsgsbase tsc_adjust bmi1 avx2 smep bmi2 erms invpcid mpx rdseed adx smap clflushopt intel_pt xsaveopt xsavec xgetbv1 xsaves dtherm arat pln pts hwp hwp_notify hwp_act_window hwp_epp flush_l1d
bugs		: cpu_meltdown spectre_v1 spectre_v2 spec_store_bypass l1tf
bogomips	: 7392.00
clflush size	: 64
cache_alignment	: 64
address sizes	: 39 bits physical, 48 bits virtual
power management:

processor	: 3
vendor_id	: GenuineIntel
cpu family	: 6
model		: 94
model name	: Intel(R) Core(TM) i3-6100 CPU @ 3.70GHz
stepping	: 3
microcode	: 0xc6
cpu MHz		: 3447.762
cache size	: 3072 KB
physical id	: 0
siblings	: 4
core id		: 1
cpu cores	: 2
apicid		: 3
initial apicid	: 3
fpu		: yes
fpu_exception	: yes
cpuid level	: 22
wp		: yes
flags		: fpu vme de pse tsc msr pae mce cx8 apic sep mtrr pge mca cmov pat pse36 clflush dts acpi mmx fxsr sse sse2 ss ht tm pbe syscall nx pdpe1gb rdtscp lm constant_tsc art arch_perfmon pebs bts rep_good nopl xtopology nonstop_tsc cpuid aperfmperf tsc_known_freq pni pclmulqdq dtes64 monitor ds_cpl vmx est tm2 ssse3 sdbg fma cx16 xtpr pdcm pcid sse4_1 sse4_2 x2apic movbe popcnt tsc_deadline_timer aes xsave avx f16c rdrand lahf_lm abm 3dnowprefetch cpuid_fault epb invpcid_single pti ssbd ibrs ibpb stibp tpr_shadow vnmi flexpriority ept vpid fsgsbase tsc_adjust bmi1 avx2 smep bmi2 erms invpcid mpx rdseed adx smap clflushopt intel_pt xsaveopt xsavec xgetbv1 xsaves dtherm arat pln pts hwp hwp_notify hwp_act_window hwp_epp flush_l1d
bugs		: cpu_meltdown spectre_v1 spectre_v2 spec_store_bypass l1tf
bogomips	: 7392.00
clflush size	: 64
cache_alignment	: 64
address sizes	: 39 bits physical, 48 bits virtual
power management:



Memory: 4k page, physical 8054300k(204776k free), swap 2097148k(35832k free)

vm_info: Java HotSpot(TM) 64-Bit Server VM (25.181-b13) for linux-amd64 JRE (1.8.0_181-b13), built on Jul  7 2018 00:56:38 by "java_re" with gcc 4.3.0 20080428 (Red Hat 4.3.0-8)

time: Tue Oct  9 11:16:49 2018
elapsed time: 0 seconds (0d 0h 0m 0s)

